<?xml version="1.0" encoding="UTF-8"?>
<!-- Generated by org.testng.reporters.JUnitXMLReporter -->
<testsuite ignored="0" hostname="LAPTOP-P1Q7QMTK" failures="0" tests="5" name="Surefire test" time="27.172" errors="0" timestamp="2024-10-11T12:28:25 IST">
  <testcase classname="FrameworkDesign.Tests.ErrorValidationTest" name="productErrorValidation" time="2.336"/>
  <testcase classname="FrameworkDesign.Tests.ErrorValidationTest" name="submitOrder" time="0.969"/>
  <testcase classname="FrameworkDesign.Tests.SubmitOrderTest" name="submitOrder" time="3.08"/>
  <testcase classname="FrameworkDesign.Tests.SubmitOrderTest" name="submitOrder" time="3.284"/>
  <testcase classname="FrameworkDesign.Tests.SubmitOrderTest" name="orderHistoryTest" time="0.812"/>
</testsuite> <!-- Surefire test -->
