<?xml version="1.0" encoding="UTF-8"?>
<!-- Generated by org.testng.reporters.JUnitXMLReporter -->
<testsuite ignored="0" hostname="LAPTOP-P1Q7QMTK" failures="0" tests="2" name="Error Validation Test" time="24.81" errors="0" timestamp="2024-10-11T12:16:17 IST">
  <testcase classname="FrameworkDesign.Tests.ErrorValidationTest" name="productErrorValidation" time="2.607"/>
  <testcase classname="FrameworkDesign.Tests.ErrorValidationTest" name="submitOrder" time="2.074"/>
</testsuite> <!-- Error Validation Test -->
