<?xml version="1.0" encoding="UTF-8"?>
<!-- Generated by org.testng.reporters.JUnitXMLReporter -->
<testsuite ignored="0" hostname="LAPTOP-P1Q7QMTK" failures="0" tests="3" name="Submit Order Test" time="32.005" errors="0" timestamp="2024-10-11T12:16:24 IST">
  <testcase classname="FrameworkDesign.Tests.SubmitOrderTest" name="submitOrder" time="3.714"/>
  <testcase classname="FrameworkDesign.Tests.SubmitOrderTest" name="submitOrder" time="3.357"/>
  <testcase classname="FrameworkDesign.Tests.SubmitOrderTest" name="orderHistoryTest" time="0.632"/>
</testsuite> <!-- Submit Order Test -->
