<?xml version="1.0" encoding="UTF-8"?>
<!-- Generated by org.testng.reporters.JUnitXMLReporter -->
<testsuite ignored="1" hostname="LAPTOP-P1Q7QMTK" failures="0" tests="1" name="Error Validation Test" time="4.9" errors="0" timestamp="2024-10-11T12:45:16 IST">
  <testcase classname="FrameworkDesign.Tests.ErrorValidationTest" name="submitOrder" time="1.112"/>
  <testcase classname="FrameworkDesign.Tests.ErrorValidationTest" name="productErrorValidation" time="0.0">
    <ignored/>
  </testcase> <!-- productErrorValidation -->
</testsuite> <!-- Error Validation Test -->
