<?xml version="1.0" encoding="UTF-8"?>
<testng-results ignored="0" total="1" passed="1" failed="0" skipped="0">
  <reporter-output>
  </reporter-output>
  <suite started-at="2024-10-11T12:45:11 IST" name="Suite" finished-at="2024-10-11T12:45:16 IST" duration-ms="4900">
    <groups>
      <group name="ErrorHandling">
        <method signature="ErrorValidationTest.submitOrder()[pri:0, instance:FrameworkDesign.Tests.ErrorValidationTest@2d3379b4]" name="submitOrder" class="FrameworkDesign.Tests.ErrorValidationTest"/>
      </group> <!-- ErrorHandling -->
    </groups>
    <test started-at="2024-10-11T12:45:11 IST" name="Submit Order Test" finished-at="2024-10-11T12:45:11 IST" duration-ms="13">
    </test> <!-- Submit Order Test -->
    <test started-at="2024-10-11T12:45:11 IST" name="Error Validation Test" finished-at="2024-10-11T12:45:16 IST" duration-ms="4900">
      <class name="FrameworkDesign.Tests.ErrorValidationTest">
        <test-method is-config="true" signature="launchApplication()[pri:0, instance:FrameworkDesign.Tests.ErrorValidationTest@2d3379b4]" started-at="2024-10-11T12:45:11 IST" name="launchApplication" finished-at="2024-10-11T12:45:14 IST" duration-ms="3265" status="PASS">
          <reporter-output>
          </reporter-output>
        </test-method> <!-- launchApplication -->
        <test-method signature="submitOrder()[pri:0, instance:FrameworkDesign.Tests.ErrorValidationTest@2d3379b4]" started-at="2024-10-11T12:45:14 IST" name="submitOrder" finished-at="2024-10-11T12:45:16 IST" duration-ms="1112" status="PASS">
          <reporter-output>
          </reporter-output>
        </test-method> <!-- submitOrder -->
        <test-method is-config="true" signature="tearDown()[pri:0, instance:FrameworkDesign.Tests.ErrorValidationTest@2d3379b4]" started-at="2024-10-11T12:45:16 IST" name="tearDown" finished-at="2024-10-11T12:45:16 IST" duration-ms="447" status="PASS">
          <reporter-output>
          </reporter-output>
        </test-method> <!-- tearDown -->
      </class> <!-- FrameworkDesign.Tests.ErrorValidationTest -->
    </test> <!-- Error Validation Test -->
  </suite> <!-- Suite -->
</testng-results>
