<?xml version="1.0" encoding="UTF-8"?>
<testng-results ignored="0" total="5" passed="5" failed="0" skipped="0">
  <reporter-output>
  </reporter-output>
  <suite started-at="2024-10-11T12:15:52 IST" name="Suite" finished-at="2024-10-11T12:16:24 IST" duration-ms="32005">
    <groups>
      <group name="ErrorHandling">
        <method signature="ErrorValidationTest.submitOrder()[pri:0, instance:FrameworkDesign.Tests.ErrorValidationTest@205d38da]" name="submitOrder" class="FrameworkDesign.Tests.ErrorValidationTest"/>
      </group> <!-- ErrorHandling -->
      <group name="Purchase">
        <method signature="SubmitOrderTest.submitOrder(java.util.HashMap)[pri:0, instance:FrameworkDesign.Tests.SubmitOrderTest@36804139]" name="submitOrder" class="FrameworkDesign.Tests.SubmitOrderTest"/>
      </group> <!-- Purchase -->
    </groups>
    <test started-at="2024-10-11T12:15:52 IST" name="Error Validation Test" finished-at="2024-10-11T12:16:17 IST" duration-ms="24810">
      <class name="FrameworkDesign.Tests.ErrorValidationTest">
        <test-method is-config="true" signature="launchApplication()[pri:0, instance:FrameworkDesign.Tests.ErrorValidationTest@205d38da]" started-at="2024-10-11T12:15:52 IST" name="launchApplication" finished-at="2024-10-11T12:16:09 IST" duration-ms="16842" status="PASS">
          <reporter-output>
          </reporter-output>
        </test-method> <!-- launchApplication -->
        <test-method signature="productErrorValidation()[pri:0, instance:FrameworkDesign.Tests.ErrorValidationTest@205d38da]" started-at="2024-10-11T12:16:09 IST" name="productErrorValidation" finished-at="2024-10-11T12:16:12 IST" duration-ms="2607" status="PASS">
          <reporter-output>
          </reporter-output>
        </test-method> <!-- productErrorValidation -->
        <test-method is-config="true" signature="tearDown()[pri:0, instance:FrameworkDesign.Tests.ErrorValidationTest@205d38da]" started-at="2024-10-11T12:16:12 IST" name="tearDown" finished-at="2024-10-11T12:16:12 IST" duration-ms="471" status="PASS">
          <reporter-output>
          </reporter-output>
        </test-method> <!-- tearDown -->
        <test-method is-config="true" signature="launchApplication()[pri:0, instance:FrameworkDesign.Tests.ErrorValidationTest@205d38da]" started-at="2024-10-11T12:16:12 IST" name="launchApplication" finished-at="2024-10-11T12:16:14 IST" duration-ms="2031" status="PASS">
          <reporter-output>
          </reporter-output>
        </test-method> <!-- launchApplication -->
        <test-method signature="submitOrder()[pri:0, instance:FrameworkDesign.Tests.ErrorValidationTest@205d38da]" started-at="2024-10-11T12:16:14 IST" name="submitOrder" finished-at="2024-10-11T12:16:16 IST" duration-ms="2074" status="PASS">
          <reporter-output>
          </reporter-output>
        </test-method> <!-- submitOrder -->
        <test-method is-config="true" signature="tearDown()[pri:0, instance:FrameworkDesign.Tests.ErrorValidationTest@205d38da]" started-at="2024-10-11T12:16:16 IST" name="tearDown" finished-at="2024-10-11T12:16:17 IST" duration-ms="733" status="PASS">
          <reporter-output>
          </reporter-output>
        </test-method> <!-- tearDown -->
      </class> <!-- FrameworkDesign.Tests.ErrorValidationTest -->
    </test> <!-- Error Validation Test -->
    <test started-at="2024-10-11T12:15:52 IST" name="Submit Order Test" finished-at="2024-10-11T12:16:24 IST" duration-ms="32005">
      <class name="FrameworkDesign.Tests.SubmitOrderTest">
        <test-method is-config="true" signature="launchApplication()[pri:0, instance:FrameworkDesign.Tests.SubmitOrderTest@36804139]" started-at="2024-10-11T12:15:52 IST" name="launchApplication" finished-at="2024-10-11T12:16:09 IST" duration-ms="16355" status="PASS">
          <reporter-output>
          </reporter-output>
        </test-method> <!-- launchApplication -->
        <test-method signature="submitOrder(java.util.HashMap)[pri:0, instance:FrameworkDesign.Tests.SubmitOrderTest@36804139]" started-at="2024-10-11T12:16:09 IST" name="submitOrder" data-provider="getData" finished-at="2024-10-11T12:16:12 IST" duration-ms="3714" status="PASS">
          <params>
            <param index="0">
              <value>
                <![CDATA[{password=Black@123, product=ADIDAS ORIGINAL, email=Shiva@gmail.com}]]>
              </value>
            </param>
          </params>
          <reporter-output>
          </reporter-output>
        </test-method> <!-- submitOrder -->
        <test-method is-config="true" signature="tearDown()[pri:0, instance:FrameworkDesign.Tests.SubmitOrderTest@36804139]" started-at="2024-10-11T12:16:12 IST" name="tearDown" finished-at="2024-10-11T12:16:13 IST" duration-ms="944" status="PASS">
          <reporter-output>
          </reporter-output>
        </test-method> <!-- tearDown -->
        <test-method is-config="true" signature="launchApplication()[pri:0, instance:FrameworkDesign.Tests.SubmitOrderTest@36804139]" started-at="2024-10-11T12:16:13 IST" name="launchApplication" finished-at="2024-10-11T12:16:17 IST" duration-ms="3168" status="PASS">
          <reporter-output>
          </reporter-output>
        </test-method> <!-- launchApplication -->
        <test-method signature="submitOrder(java.util.HashMap)[pri:0, instance:FrameworkDesign.Tests.SubmitOrderTest@36804139]" started-at="2024-10-11T12:16:17 IST" name="submitOrder" data-provider="getData" finished-at="2024-10-11T12:16:20 IST" duration-ms="3357" status="PASS">
          <params>
            <param index="0">
              <value>
                <![CDATA[{password=Black@123, product=QWERTY, email=chitti@gmail.com}]]>
              </value>
            </param>
          </params>
          <reporter-output>
          </reporter-output>
        </test-method> <!-- submitOrder -->
        <test-method is-config="true" signature="tearDown()[pri:0, instance:FrameworkDesign.Tests.SubmitOrderTest@36804139]" started-at="2024-10-11T12:16:20 IST" name="tearDown" finished-at="2024-10-11T12:16:20 IST" duration-ms="462" status="PASS">
          <reporter-output>
          </reporter-output>
        </test-method> <!-- tearDown -->
        <test-method is-config="true" signature="launchApplication()[pri:0, instance:FrameworkDesign.Tests.SubmitOrderTest@36804139]" started-at="2024-10-11T12:16:20 IST" name="launchApplication" finished-at="2024-10-11T12:16:23 IST" duration-ms="2734" status="PASS">
          <reporter-output>
          </reporter-output>
        </test-method> <!-- launchApplication -->
        <test-method signature="orderHistoryTest()[pri:0, instance:FrameworkDesign.Tests.SubmitOrderTest@36804139]" started-at="2024-10-11T12:16:23 IST" name="orderHistoryTest" finished-at="2024-10-11T12:16:24 IST" depends-on-methods="FrameworkDesign.Tests.SubmitOrderTest.submitOrder" duration-ms="632" status="PASS">
          <reporter-output>
          </reporter-output>
        </test-method> <!-- orderHistoryTest -->
        <test-method is-config="true" signature="tearDown()[pri:0, instance:FrameworkDesign.Tests.SubmitOrderTest@36804139]" started-at="2024-10-11T12:16:24 IST" name="tearDown" finished-at="2024-10-11T12:16:24 IST" duration-ms="338" status="PASS">
          <reporter-output>
          </reporter-output>
        </test-method> <!-- tearDown -->
      </class> <!-- FrameworkDesign.Tests.SubmitOrderTest -->
    </test> <!-- Submit Order Test -->
  </suite> <!-- Suite -->
</testng-results>
